<?xml version="1.0" encoding="UTF-8"?>
<testsuite name="com.twistral.tests.vectors.TVec3Test" tests="1" skipped="0" failures="0" errors="0" timestamp="2023-11-26T16:53:47" hostname="TUNERIKGEZGINI" time="0.0">
  <properties/>
  <testcase name="tvec3dTest" classname="com.twistral.tests.vectors.TVec3Test" time="0.0"/>
  <system-out><![CDATA[]]></system-out>
  <system-err><![CDATA[]]></system-err>
</testsuite>
