<?xml version="1.0" encoding="UTF-8"?>
<testsuite name="com.twistral.tests.funcs.TRangeTest" tests="1" skipped="0" failures="0" errors="0" timestamp="2023-11-26T16:53:46" hostname="TUNERIKGEZGINI" time="0.017">
  <properties/>
  <testcase name="rangeTest" classname="com.twistral.tests.funcs.TRangeTest" time="0.017"/>
  <system-out><![CDATA[]]></system-out>
  <system-err><![CDATA[]]></system-err>
</testsuite>
