<?xml version="1.0" encoding="UTF-8"?>
<testsuite name="com.twistral.tests.stats.DataDescriptionTest" tests="3" skipped="0" failures="0" errors="0" timestamp="2023-11-26T16:53:47" hostname="TUNERIKGEZGINI" time="0.003">
  <properties/>
  <testcase name="dataDescGenericTest" classname="com.twistral.tests.stats.DataDescriptionTest" time="0.002"/>
  <testcase name="dataDescPrimitiveTest" classname="com.twistral.tests.stats.DataDescriptionTest" time="0.0"/>
  <testcase name="dataDescPrimitiveWithoutConversionTest" classname="com.twistral.tests.stats.DataDescriptionTest" time="0.0"/>
  <system-out><![CDATA[]]></system-out>
  <system-err><![CDATA[]]></system-err>
</testsuite>
