<?xml version="1.0" encoding="UTF-8"?>
<testsuite name="com.twistral.tests.matrices.TMatNTest" tests="1" skipped="0" failures="0" errors="0" timestamp="2023-11-26T16:53:47" hostname="TUNERIKGEZGINI" time="0.02">
  <properties/>
  <testcase name="tmanNTest" classname="com.twistral.tests.matrices.TMatNTest" time="0.02"/>
  <system-out><![CDATA[]]></system-out>
  <system-err><![CDATA[]]></system-err>
</testsuite>
