<?xml version="1.0" encoding="UTF-8"?>
<testsuite name="com.twistral.tests.TArraysTest" tests="2" skipped="0" failures="0" errors="0" timestamp="2023-11-26T16:53:47" hostname="TUNERIKGEZGINI" time="0.004">
  <properties/>
  <testcase name="copyOfTest" classname="com.twistral.tests.TArraysTest" time="0.002"/>
  <testcase name="castTest" classname="com.twistral.tests.TArraysTest" time="0.002"/>
  <system-out><![CDATA[]]></system-out>
  <system-err><![CDATA[]]></system-err>
</testsuite>
