<?xml version="1.0" encoding="UTF-8"?>
<testsuite name="com.twistral.tests.vectors.TVec2Test" tests="2" skipped="0" failures="0" errors="0" timestamp="2023-11-26T16:53:47" hostname="TUNERIKGEZGINI" time="0.001">
  <properties/>
  <testcase name="oldPoint2dTest" classname="com.twistral.tests.vectors.TVec2Test" time="0.0"/>
  <testcase name="tvec2dTest" classname="com.twistral.tests.vectors.TVec2Test" time="0.0"/>
  <system-out><![CDATA[]]></system-out>
  <system-err><![CDATA[]]></system-err>
</testsuite>
